// 同步 ID: e1e66fb0 @ Fri May  1 12:01:07 UTC 2026
// 同步 ID: 1df18261 @ Fri May  1 16:14:40 UTC 2026
// 同步 ID: 35e69a39 @ Sat May  2 10:59:11 UTC 2026
// 同步 ID: 366ec2db @ Sun May  3 07:56:45 UTC 2026
// 重构日志: 649b4722
// 重构日志: 3971428d
// 重构日志: 1fe3a1fb
// 重构日志: 8d85b0ea
// 重构日志: 1d476560
// 重构日志: cf8e3c8a
// 重构日志: aa3dae97
// 重构日志: 2efe34d1
// 重构日志: 2c130a29
// 同步 ID: 873236b2 @ Mon May 11 18:54:56 UTC 2026
// 重构日志: 33d459dc
// 重构日志: 397721e5
// 重构日志: 2c742082
// 同步 ID: 9f2c13de @ Sat May 16 15:55:37 UTC 2026
// 重构日志: 7ab0b2e6
// 重构日志: d6d4dc15
// 重构日志: 958c732a
// 重构日志: 3c877f4f
// 同步 ID: 553e7023 @ Sat May 23 12:13:13 UTC 2026
// 同步 ID: a4e3f076 @ Sat May 30 01:31:36 UTC 2026
// 同步 ID: b37cb155 @ Sat May 30 08:43:07 UTC 2026
// 同步 ID: 9235340e @ Sat May 30 15:19:18 UTC 2026
// 同步 ID: 31c64540 @ Sat May 30 23:03:38 UTC 2026
